<?xml version="1.0" encoding="UTF-8"?>
<!-- Generated by org.testng.reporters.JUnitXMLReporter -->
<testsuite ignored="0" hostname="LAPTOP-PLNO5R2G" failures="0" tests="11" name="NinjaTutorialTest" time="105.635" errors="0" timestamp="2023-03-27T13:19:34 PDT">
  <testcase classname="com.qa.ninjatutorials.testcases.RegisterTest" name="verifyRegistrationWithAllFields" time="0.561"/>
  <testcase classname="com.qa.ninjatutorials.testcases.RegisterTest" name="verifyRegistrationWithMandatoryFields" time="1.285"/>
  <testcase classname="com.qa.ninjatutorials.testcases.RegisterTest" name="verifyRegistrationWithoutFillingAnyDetails" time="0.616"/>
  <testcase classname="com.qa.ninjatutorials.testcases.LoginTest" name="logInWithValidCredentials" time="2.929"/>
  <testcase classname="com.qa.ninjatutorials.testcases.LoginTest" name="logInWithInvalidCredentials" time="4.797"/>
  <testcase classname="com.qa.ninjatutorials.testcases.LoginTest" name="logInWithInvalidEmailValidPassword" time="4.808"/>
  <testcase classname="com.qa.ninjatutorials.testcases.LoginTest" name="logInWithValidEmailInValidPassword" time="4.686"/>
  <testcase classname="com.qa.ninjatutorials.testcases.LoginTest" name="logInWithNoCredentials" time="4.763"/>
  <testcase classname="com.qa.ninjatutorials.testcases.SearchTest" name="verifySearchWithValidProduct" time="0.899"/>
  <testcase classname="com.qa.ninjatutorials.testcases.SearchTest" name="verifySearchWithInValidProduct" time="0.496"/>
  <testcase classname="com.qa.ninjatutorials.testcases.SearchTest" name="verifySearchSearchWithNoProduct" time="0.514"/>
</testsuite> <!-- NinjaTutorialTest -->
